<?xml version="1.0" encoding="UTF-8"?>
<testsuite xmlns:xsi="http://www.w3.org/2001/XMLSchema-instance" xsi:noNamespaceSchemaLocation="https://maven.apache.org/surefire/maven-failsafe-plugin/xsd/failsafe-test-report.xsd" name="testRunner" time="36.301" tests="1" errors="1" skipped="0" failures="0">
  <properties>
    <property name="sun.desktop" value="windows"/>
    <property name="awt.toolkit" value="sun.awt.windows.WToolkit"/>
    <property name="file.encoding.pkg" value="sun.io"/>
    <property name="java.specification.version" value="1.8"/>
    <property name="sun.cpu.isalist" value="amd64"/>
    <property name="sun.jnu.encoding" value="Cp1252"/>
    <property name="java.class.path" value="C:\Users\UMAJIT\Desktop\Testing\Final\NHSBSA_Project\target\test-classes;C:\Users\UMAJIT\Desktop\Testing\Final\NHSBSA_Project\target\NHSBSA_Project-1.0-SNAPSHOT.jar;C:\Users\UMAJIT\.m2\repository\io\cucumber\cucumber-java\5.7.0\cucumber-java-5.7.0.jar;C:\Users\UMAJIT\.m2\repository\org\apiguardian\apiguardian-api\1.1.0\apiguardian-api-1.1.0.jar;C:\Users\UMAJIT\.m2\repository\io\cucumber\cucumber-junit\5.7.0\cucumber-junit-5.7.0.jar;C:\Users\UMAJIT\.m2\repository\junit\junit\4.13\junit-4.13.jar;C:\Users\UMAJIT\.m2\repository\org\hamcrest\hamcrest-core\1.3\hamcrest-core-1.3.jar;C:\Users\UMAJIT\.m2\repository\io\cucumber\cucumber-picocontainer\5.7.0\cucumber-picocontainer-5.7.0.jar;C:\Users\UMAJIT\.m2\repository\org\picocontainer\picocontainer\2.15\picocontainer-2.15.jar;C:\Users\UMAJIT\.m2\repository\io\cucumber\cucumber-core\5.7.0\cucumber-core-5.7.0.jar;C:\Users\UMAJIT\.m2\repository\io\cucumber\cucumber-gherkin\5.7.0\cucumber-gherkin-5.7.0.jar;C:\Users\UMAJIT\.m2\repository\io\cucumber\cucumber-gherkin-vintage\5.7.0\cucumber-gherkin-vintage-5.7.0.jar;C:\Users\UMAJIT\.m2\repository\io\cucumber\tag-expressions\2.0.4\tag-expressions-2.0.4.jar;C:\Users\UMAJIT\.m2\repository\io\cucumber\cucumber-expressions\8.3.1\cucumber-expressions-8.3.1.jar;C:\Users\UMAJIT\.m2\repository\io\cucumber\datatable\3.3.1\datatable-3.3.1.jar;C:\Users\UMAJIT\.m2\repository\io\cucumber\cucumber-plugin\5.7.0\cucumber-plugin-5.7.0.jar;C:\Users\UMAJIT\.m2\repository\io\cucumber\docstring\5.7.0\docstring-5.7.0.jar;C:\Users\UMAJIT\.m2\repository\org\junit\jupiter\junit-jupiter-api\5.6.2\junit-jupiter-api-5.6.2.jar;C:\Users\UMAJIT\.m2\repository\org\opentest4j\opentest4j\1.2.0\opentest4j-1.2.0.jar;C:\Users\UMAJIT\.m2\repository\org\junit\platform\junit-platform-commons\1.6.2\junit-platform-commons-1.6.2.jar;C:\Users\UMAJIT\.m2\repository\org\seleniumhq\selenium\selenium-java\3.141.59\selenium-java-3.141.59.jar;C:\Users\UMAJIT\.m2\repository\org\seleniumhq\selenium\selenium-api\3.141.59\selenium-api-3.141.59.jar;C:\Users\UMAJIT\.m2\repository\org\seleniumhq\selenium\selenium-chrome-driver\3.141.59\selenium-chrome-driver-3.141.59.jar;C:\Users\UMAJIT\.m2\repository\org\seleniumhq\selenium\selenium-edge-driver\3.141.59\selenium-edge-driver-3.141.59.jar;C:\Users\UMAJIT\.m2\repository\org\seleniumhq\selenium\selenium-firefox-driver\3.141.59\selenium-firefox-driver-3.141.59.jar;C:\Users\UMAJIT\.m2\repository\org\seleniumhq\selenium\selenium-ie-driver\3.141.59\selenium-ie-driver-3.141.59.jar;C:\Users\UMAJIT\.m2\repository\org\seleniumhq\selenium\selenium-opera-driver\3.141.59\selenium-opera-driver-3.141.59.jar;C:\Users\UMAJIT\.m2\repository\org\seleniumhq\selenium\selenium-remote-driver\3.141.59\selenium-remote-driver-3.141.59.jar;C:\Users\UMAJIT\.m2\repository\org\seleniumhq\selenium\selenium-safari-driver\3.141.59\selenium-safari-driver-3.141.59.jar;C:\Users\UMAJIT\.m2\repository\org\seleniumhq\selenium\selenium-support\3.141.59\selenium-support-3.141.59.jar;C:\Users\UMAJIT\.m2\repository\net\bytebuddy\byte-buddy\1.8.15\byte-buddy-1.8.15.jar;C:\Users\UMAJIT\.m2\repository\org\apache\commons\commons-exec\1.3\commons-exec-1.3.jar;C:\Users\UMAJIT\.m2\repository\com\google\guava\guava\25.0-jre\guava-25.0-jre.jar;C:\Users\UMAJIT\.m2\repository\com\google\code\findbugs\jsr305\1.3.9\jsr305-1.3.9.jar;C:\Users\UMAJIT\.m2\repository\org\checkerframework\checker-compat-qual\2.0.0\checker-compat-qual-2.0.0.jar;C:\Users\UMAJIT\.m2\repository\com\google\errorprone\error_prone_annotations\2.1.3\error_prone_annotations-2.1.3.jar;C:\Users\UMAJIT\.m2\repository\com\google\j2objc\j2objc-annotations\1.1\j2objc-annotations-1.1.jar;C:\Users\UMAJIT\.m2\repository\org\codehaus\mojo\animal-sniffer-annotations\1.14\animal-sniffer-annotations-1.14.jar;C:\Users\UMAJIT\.m2\repository\com\squareup\okhttp3\okhttp\3.11.0\okhttp-3.11.0.jar;C:\Users\UMAJIT\.m2\repository\com\squareup\okio\okio\1.14.0\okio-1.14.0.jar;C:\Users\UMAJIT\.m2\repository\io\github\bonigarcia\webdrivermanager\4.1.0\webdrivermanager-4.1.0.jar;C:\Users\UMAJIT\.m2\repository\org\slf4j\slf4j-api\1.7.30\slf4j-api-1.7.30.jar;C:\Users\UMAJIT\.m2\repository\commons-io\commons-io\2.7\commons-io-2.7.jar;C:\Users\UMAJIT\.m2\repository\com\google\code\gson\gson\2.8.6\gson-2.8.6.jar;C:\Users\UMAJIT\.m2\repository\org\apache\commons\commons-lang3\3.10\commons-lang3-3.10.jar;C:\Users\UMAJIT\.m2\repository\org\apache\httpcomponents\client5\httpclient5\5.0.1\httpclient5-5.0.1.jar;C:\Users\UMAJIT\.m2\repository\org\apache\httpcomponents\core5\httpcore5\5.0.1\httpcore5-5.0.1.jar;C:\Users\UMAJIT\.m2\repository\org\apache\httpcomponents\core5\httpcore5-h2\5.0.1\httpcore5-h2-5.0.1.jar;C:\Users\UMAJIT\.m2\repository\commons-codec\commons-codec\1.13\commons-codec-1.13.jar;C:\Users\UMAJIT\.m2\repository\org\rauschig\jarchivelib\1.0.0\jarchivelib-1.0.0.jar;C:\Users\UMAJIT\.m2\repository\org\apache\commons\commons-compress\1.18\commons-compress-1.18.jar;C:\Users\UMAJIT\.m2\repository\org\jsoup\jsoup\1.13.1\jsoup-1.13.1.jar;"/>
    <property name="java.vm.vendor" value="Oracle Corporation"/>
    <property name="sun.arch.data.model" value="64"/>
    <property name="user.variant" value=""/>
    <property name="java.vendor.url" value="http://java.oracle.com/"/>
    <property name="user.timezone" value="Europe/London"/>
    <property name="java.vm.specification.version" value="1.8"/>
    <property name="os.name" value="Windows 10"/>
    <property name="user.country" value="GB"/>
    <property name="sun.java.launcher" value="SUN_STANDARD"/>
    <property name="sun.boot.library.path" value="C:\Program Files\Java\jre1.8.0_261\bin"/>
    <property name="sun.java.command" value="C:\Users\UMAJIT\AppData\Local\Temp\surefire9156727324892853855\surefirebooter3880044456225425773.jar C:\Users\UMAJIT\AppData\Local\Temp\surefire9156727324892853855 2021-03-28T18-25-00_149-jvmRun1 surefire3756277650091120346tmp surefire_03688086488698196945tmp"/>
    <property name="surefire.test.class.path" value="C:\Users\UMAJIT\Desktop\Testing\Final\NHSBSA_Project\target\test-classes;C:\Users\UMAJIT\Desktop\Testing\Final\NHSBSA_Project\target\NHSBSA_Project-1.0-SNAPSHOT.jar;C:\Users\UMAJIT\.m2\repository\io\cucumber\cucumber-java\5.7.0\cucumber-java-5.7.0.jar;C:\Users\UMAJIT\.m2\repository\org\apiguardian\apiguardian-api\1.1.0\apiguardian-api-1.1.0.jar;C:\Users\UMAJIT\.m2\repository\io\cucumber\cucumber-junit\5.7.0\cucumber-junit-5.7.0.jar;C:\Users\UMAJIT\.m2\repository\junit\junit\4.13\junit-4.13.jar;C:\Users\UMAJIT\.m2\repository\org\hamcrest\hamcrest-core\1.3\hamcrest-core-1.3.jar;C:\Users\UMAJIT\.m2\repository\io\cucumber\cucumber-picocontainer\5.7.0\cucumber-picocontainer-5.7.0.jar;C:\Users\UMAJIT\.m2\repository\org\picocontainer\picocontainer\2.15\picocontainer-2.15.jar;C:\Users\UMAJIT\.m2\repository\io\cucumber\cucumber-core\5.7.0\cucumber-core-5.7.0.jar;C:\Users\UMAJIT\.m2\repository\io\cucumber\cucumber-gherkin\5.7.0\cucumber-gherkin-5.7.0.jar;C:\Users\UMAJIT\.m2\repository\io\cucumber\cucumber-gherkin-vintage\5.7.0\cucumber-gherkin-vintage-5.7.0.jar;C:\Users\UMAJIT\.m2\repository\io\cucumber\tag-expressions\2.0.4\tag-expressions-2.0.4.jar;C:\Users\UMAJIT\.m2\repository\io\cucumber\cucumber-expressions\8.3.1\cucumber-expressions-8.3.1.jar;C:\Users\UMAJIT\.m2\repository\io\cucumber\datatable\3.3.1\datatable-3.3.1.jar;C:\Users\UMAJIT\.m2\repository\io\cucumber\cucumber-plugin\5.7.0\cucumber-plugin-5.7.0.jar;C:\Users\UMAJIT\.m2\repository\io\cucumber\docstring\5.7.0\docstring-5.7.0.jar;C:\Users\UMAJIT\.m2\repository\org\junit\jupiter\junit-jupiter-api\5.6.2\junit-jupiter-api-5.6.2.jar;C:\Users\UMAJIT\.m2\repository\org\opentest4j\opentest4j\1.2.0\opentest4j-1.2.0.jar;C:\Users\UMAJIT\.m2\repository\org\junit\platform\junit-platform-commons\1.6.2\junit-platform-commons-1.6.2.jar;C:\Users\UMAJIT\.m2\repository\org\seleniumhq\selenium\selenium-java\3.141.59\selenium-java-3.141.59.jar;C:\Users\UMAJIT\.m2\repository\org\seleniumhq\selenium\selenium-api\3.141.59\selenium-api-3.141.59.jar;C:\Users\UMAJIT\.m2\repository\org\seleniumhq\selenium\selenium-chrome-driver\3.141.59\selenium-chrome-driver-3.141.59.jar;C:\Users\UMAJIT\.m2\repository\org\seleniumhq\selenium\selenium-edge-driver\3.141.59\selenium-edge-driver-3.141.59.jar;C:\Users\UMAJIT\.m2\repository\org\seleniumhq\selenium\selenium-firefox-driver\3.141.59\selenium-firefox-driver-3.141.59.jar;C:\Users\UMAJIT\.m2\repository\org\seleniumhq\selenium\selenium-ie-driver\3.141.59\selenium-ie-driver-3.141.59.jar;C:\Users\UMAJIT\.m2\repository\org\seleniumhq\selenium\selenium-opera-driver\3.141.59\selenium-opera-driver-3.141.59.jar;C:\Users\UMAJIT\.m2\repository\org\seleniumhq\selenium\selenium-remote-driver\3.141.59\selenium-remote-driver-3.141.59.jar;C:\Users\UMAJIT\.m2\repository\org\seleniumhq\selenium\selenium-safari-driver\3.141.59\selenium-safari-driver-3.141.59.jar;C:\Users\UMAJIT\.m2\repository\org\seleniumhq\selenium\selenium-support\3.141.59\selenium-support-3.141.59.jar;C:\Users\UMAJIT\.m2\repository\net\bytebuddy\byte-buddy\1.8.15\byte-buddy-1.8.15.jar;C:\Users\UMAJIT\.m2\repository\org\apache\commons\commons-exec\1.3\commons-exec-1.3.jar;C:\Users\UMAJIT\.m2\repository\com\google\guava\guava\25.0-jre\guava-25.0-jre.jar;C:\Users\UMAJIT\.m2\repository\com\google\code\findbugs\jsr305\1.3.9\jsr305-1.3.9.jar;C:\Users\UMAJIT\.m2\repository\org\checkerframework\checker-compat-qual\2.0.0\checker-compat-qual-2.0.0.jar;C:\Users\UMAJIT\.m2\repository\com\google\errorprone\error_prone_annotations\2.1.3\error_prone_annotations-2.1.3.jar;C:\Users\UMAJIT\.m2\repository\com\google\j2objc\j2objc-annotations\1.1\j2objc-annotations-1.1.jar;C:\Users\UMAJIT\.m2\repository\org\codehaus\mojo\animal-sniffer-annotations\1.14\animal-sniffer-annotations-1.14.jar;C:\Users\UMAJIT\.m2\repository\com\squareup\okhttp3\okhttp\3.11.0\okhttp-3.11.0.jar;C:\Users\UMAJIT\.m2\repository\com\squareup\okio\okio\1.14.0\okio-1.14.0.jar;C:\Users\UMAJIT\.m2\repository\io\github\bonigarcia\webdrivermanager\4.1.0\webdrivermanager-4.1.0.jar;C:\Users\UMAJIT\.m2\repository\org\slf4j\slf4j-api\1.7.30\slf4j-api-1.7.30.jar;C:\Users\UMAJIT\.m2\repository\commons-io\commons-io\2.7\commons-io-2.7.jar;C:\Users\UMAJIT\.m2\repository\com\google\code\gson\gson\2.8.6\gson-2.8.6.jar;C:\Users\UMAJIT\.m2\repository\org\apache\commons\commons-lang3\3.10\commons-lang3-3.10.jar;C:\Users\UMAJIT\.m2\repository\org\apache\httpcomponents\client5\httpclient5\5.0.1\httpclient5-5.0.1.jar;C:\Users\UMAJIT\.m2\repository\org\apache\httpcomponents\core5\httpcore5\5.0.1\httpcore5-5.0.1.jar;C:\Users\UMAJIT\.m2\repository\org\apache\httpcomponents\core5\httpcore5-h2\5.0.1\httpcore5-h2-5.0.1.jar;C:\Users\UMAJIT\.m2\repository\commons-codec\commons-codec\1.13\commons-codec-1.13.jar;C:\Users\UMAJIT\.m2\repository\org\rauschig\jarchivelib\1.0.0\jarchivelib-1.0.0.jar;C:\Users\UMAJIT\.m2\repository\org\apache\commons\commons-compress\1.18\commons-compress-1.18.jar;C:\Users\UMAJIT\.m2\repository\org\jsoup\jsoup\1.13.1\jsoup-1.13.1.jar;"/>
    <property name="sun.cpu.endian" value="little"/>
    <property name="user.home" value="C:\Users\UMAJIT"/>
    <property name="user.language" value="en"/>
    <property name="java.specification.vendor" value="Oracle Corporation"/>
    <property name="java.home" value="C:\Program Files\Java\jre1.8.0_261"/>
    <property name="basedir" value="C:\Users\UMAJIT\Desktop\Testing\Final\NHSBSA_Project"/>
    <property name="file.separator" value="\"/>
    <property name="line.separator" value="&#10;"/>
    <property name="java.vm.specification.vendor" value="Oracle Corporation"/>
    <property name="java.specification.name" value="Java Platform API Specification"/>
    <property name="java.awt.graphicsenv" value="sun.awt.Win32GraphicsEnvironment"/>
    <property name="surefire.real.class.path" value="C:\Users\UMAJIT\AppData\Local\Temp\surefire9156727324892853855\surefirebooter3880044456225425773.jar"/>
    <property name="sun.boot.class.path" value="C:\Program Files\Java\jre1.8.0_261\lib\resources.jar;C:\Program Files\Java\jre1.8.0_261\lib\rt.jar;C:\Program Files\Java\jre1.8.0_261\lib\sunrsasign.jar;C:\Program Files\Java\jre1.8.0_261\lib\jsse.jar;C:\Program Files\Java\jre1.8.0_261\lib\jce.jar;C:\Program Files\Java\jre1.8.0_261\lib\charsets.jar;C:\Program Files\Java\jre1.8.0_261\lib\jfr.jar;C:\Program Files\Java\jre1.8.0_261\classes"/>
    <property name="user.script" value=""/>
    <property name="sun.management.compiler" value="HotSpot 64-Bit Tiered Compilers"/>
    <property name="java.runtime.version" value="1.8.0_261-b12"/>
    <property name="user.name" value="UMAJIT"/>
    <property name="path.separator" value=";"/>
    <property name="os.version" value="10.0"/>
    <property name="java.endorsed.dirs" value="C:\Program Files\Java\jre1.8.0_261\lib\endorsed"/>
    <property name="java.runtime.name" value="Java(TM) SE Runtime Environment"/>
    <property name="file.encoding" value="Cp1252"/>
    <property name="java.vm.name" value="Java HotSpot(TM) 64-Bit Server VM"/>
    <property name="localRepository" value="C:\Users\UMAJIT\.m2\repository"/>
    <property name="cucumber.options" value="src\test\Features\NHSCostsTracker.feature"/>
    <property name="java.vendor.url.bug" value="http://bugreport.sun.com/bugreport/"/>
    <property name="java.io.tmpdir" value="C:\Users\UMAJIT\AppData\Local\Temp\"/>
    <property name="java.version" value="1.8.0_261"/>
    <property name="user.dir" value="C:\Users\UMAJIT\Desktop\Testing\Final\NHSBSA_Project"/>
    <property name="os.arch" value="amd64"/>
    <property name="java.vm.specification.name" value="Java Virtual Machine Specification"/>
    <property name="java.awt.printerjob" value="sun.awt.windows.WPrinterJob"/>
    <property name="sun.os.patch.level" value=""/>
    <property name="java.library.path" value="C:\Program Files\Java\jre1.8.0_261\bin;C:\WINDOWS\Sun\Java\bin;C:\WINDOWS\system32;C:\WINDOWS;C:\Program Files (x86)\Common Files\Oracle\Java\javapath;C:\Program Files\Microsoft MPI\Bin\;C:\Program Files (x86)\Intel\iCLS Client\;C:\oraclexe\app\oracle\product\11.2.0\server\bin;C:\Informatica\9.5.1\clients\DT\bin;C:\Informatica\9.5.1\clients\tools\datadirect;C:\Informatica\9.5.1\clients\tools\odbcdrv;C:\Program Files\Intel\iCLS Client\;C:\WINDOWS\system32;C:\WINDOWS;C:\WINDOWS\System32\Wbem;C:\WINDOWS\System32\WindowsPowerShell\v1.0\;C:\Program Files (x86)\CrSSL\bin;C:\Program Files (x86)\Intel\Intel(R) Management Engine Components\DAL;C:\Program Files\Intel\Intel(R) Management Engine Components\DAL;C:\Program Files (x86)\Intel\Intel(R) Management Engine Components\IPT;C:\Program Files\Intel\Intel(R) Management Engine Components\IPT;C:\WINDOWS\System32\OpenSSH\;C:\Program Files\Microsoft SQL Server\Client SDK\ODBC\170\Tools\Binn\;C:\Program Files\Microsoft SQL Server\130\Tools\Binn\;C:\Program Files (x86)\Microsoft SQL Server\130\DTS\Binn\;C:\Program Files (x86)\Microsoft SQL Server\150\DTS\Binn\;C:\Program Files\Intel\WiFi\bin\;C:\Program Files\Common Files\Intel\WirelessCommon\;C:\Program Files (x86)\Microsoft SQL Server\150\Tools\Binn\;C:\Program Files\Microsoft SQL Server\150\Tools\Binn\;C:\Program Files\Microsoft SQL Server\150\DTS\Binn\;C:\Program Files\dotnet\;C:\Program Files (x86)\Microsoft SQL Server\110\DTS\Binn\;C:\Program Files (x86)\Microsoft SQL Server\120\DTS\Binn\;C:\Program Files (x86)\Microsoft SQL Server\140\DTS\Binn\;C:\Program Files\apache-maven-3.6.3\bin;C:\Users\UMAJIT\AppData\Local\Microsoft\WindowsApps;;."/>
    <property name="java.vm.info" value="mixed mode"/>
    <property name="java.vendor" value="Oracle Corporation"/>
    <property name="java.vm.version" value="25.261-b12"/>
    <property name="java.ext.dirs" value="C:\Program Files\Java\jre1.8.0_261\lib\ext;C:\WINDOWS\Sun\Java\lib\ext"/>
    <property name="sun.io.unicode.encoding" value="UnicodeLittle"/>
    <property name="java.class.version" value="52.0"/>
  </properties>
  <testcase name="Testing" classname="A preson from Wales" time="34.907">
    <error message="Unable to locate element: #not\-yet&#10;For documentation on this error, please visit: https://www.seleniumhq.org/exceptions/no_such_element.html&#10;Build info: version: &apos;3.141.59&apos;, revision: &apos;e82be7d358&apos;, time: &apos;2018-11-14T08:17:03&apos;&#10;System info: host: &apos;DESKTOP-AR0DR0N&apos;, ip: &apos;192.168.32.1&apos;, os.name: &apos;Windows 10&apos;, os.arch: &apos;amd64&apos;, os.version: &apos;10.0&apos;, java.version: &apos;1.8.0_261&apos;&#10;Driver info: org.openqa.selenium.firefox.FirefoxDriver&#10;Capabilities {acceptInsecureCerts: true, browserName: firefox, browserVersion: 56.0.2, javascriptEnabled: true, moz:accessibilityChecks: false, moz:headless: false, moz:processID: 42368, moz:profile: C:\Users\UMAJIT\AppData\Loc..., pageLoadStrategy: normal, platform: XP, platformName: XP, platformVersion: 10.0, rotatable: false, specificationLevel: 0, timeouts: {implicit: 0, pageLoad: 300000, script: 30000}}&#10;Session ID: eb41b820-5dbb-4676-8b0f-79dfc699a307&#10;*** Element info: {Using=id, value=not-yet}" type="org.openqa.selenium.NoSuchElementException">org.openqa.selenium.NoSuchElementException: 
Unable to locate element: #not\-yet
For documentation on this error, please visit: https://www.seleniumhq.org/exceptions/no_such_element.html
Build info: version: '3.141.59', revision: 'e82be7d358', time: '2018-11-14T08:17:03'
System info: host: 'DESKTOP-AR0DR0N', ip: '192.168.32.1', os.name: 'Windows 10', os.arch: 'amd64', os.version: '10.0', java.version: '1.8.0_261'
Driver info: org.openqa.selenium.firefox.FirefoxDriver
Capabilities {acceptInsecureCerts: true, browserName: firefox, browserVersion: 56.0.2, javascriptEnabled: true, moz:accessibilityChecks: false, moz:headless: false, moz:processID: 42368, moz:profile: C:\Users\UMAJIT\AppData\Loc..., pageLoadStrategy: normal, platform: XP, platformName: XP, platformVersion: 10.0, rotatable: false, specificationLevel: 0, timeouts: {implicit: 0, pageLoad: 300000, script: 30000}}
Session ID: eb41b820-5dbb-4676-8b0f-79dfc699a307
*** Element info: {Using=id, value=not-yet}
</error>
    <system-out><![CDATA[
Scenario Outline: Testing                                                                            &amp#27;[90m# src/test/Features/NHSCostsTracker.feature:41&amp#27;[0m
  &amp#27;[32mGiven &amp#27;[0m&amp#27;[32mA person navigate to the url on browser &amp#27;[0m&amp#27;[32m&amp#27;[1m"firefox"&amp#27;[0m                                            &amp#27;[90m# stepDefinitions.a_person_navigate_to_the_url(java.lang.String)&amp#27;[0m
  &amp#27;[32mThen &amp#27;[0m&amp#27;[32mThe person should be navigated to Start Page&amp#27;[0m                                                  &amp#27;[90m# stepDefinitions.the_person_should_be_navigated_to_Start_Page()&amp#27;[0m
  &amp#27;[32mWhen &amp#27;[0m&amp#27;[32mThe person click on Start button&amp#27;[0m                                                              &amp#27;[90m# stepDefinitions.the_person_click_on_Start_button()&amp#27;[0m
  &amp#27;[32mThen &amp#27;[0m&amp#27;[32mThe person select &amp#27;[0m&amp#27;[32m&amp#27;[1m"WALES"&amp#27;[0m&amp#27;[32m on where-you-live page and click next&amp#27;[0m                               &amp#27;[90m# stepDefinitions.the_person_select_on_where_you_live_page_and_click_next(java.lang.String)&amp#27;[0m
  &amp#27;[32mAnd &amp#27;[0m&amp#27;[32mThe person enter &amp#27;[0m&amp#27;[32m&amp#27;[1m"10-09-1980"&amp#27;[0m&amp#27;[32m and click next&amp#27;[0m                                                   &amp#27;[90m# stepDefinitions.the_person_enter_day_and_click_next(java.lang.String)&amp#27;[0m
===> live_with_partner selecting Yes
  &amp#27;[32mAnd &amp#27;[0m&amp#27;[32mThe person select option &amp#27;[0m&amp#27;[32m&amp#27;[1m"YES"&amp#27;[0m&amp#27;[32m on live with partner page and click next&amp#27;[0m                        &amp#27;[90m# stepDefinitions.the_person_select_option_on_live_with_partner_page_and_click_next(java.lang.String)&amp#27;[0m
  &amp#27;[32mAnd &amp#27;[0m&amp#27;[32mThe person select option &amp#27;[0m&amp#27;[32m&amp#27;[1m"NO"&amp#27;[0m&amp#27;[32m on claim-benefits-tax-credits page and click next&amp#27;[0m                &amp#27;[90m# stepDefinitions.the_person_select_option_on_claim_benefits_tax_credits_page_and_click_next(java.lang.String)&amp#27;[0m
paid-universal-creditNOT_YET
not yet applied checking
  &amp#27;[31mAnd &amp#27;[0m&amp#27;[31mThe person select option &amp#27;[0m&amp#27;[31m&amp#27;[1m"NOT_YET"&amp#27;[0m&amp#27;[31m on paid-universal-credit page and click next&amp#27;[0m                &amp#27;[90m# stepDefinitions.the_person_select_option_on_paid_universal_credit_page_and_click_next(java.lang.String)&amp#27;[0m
      &amp#27;[31morg.openqa.selenium.NoSuchElementException: Unable to locate element: #not\-yet
For documentation on this error, please visit: https://www.seleniumhq.org/exceptions/no_such_element.html
Build info: version: '3.141.59', revision: 'e82be7d358', time: '2018-11-14T08:17:03'
System info: host: 'DESKTOP-AR0DR0N', ip: '192.168.32.1', os.name: 'Windows 10', os.arch: 'amd64', os.version: '10.0', java.version: '1.8.0_261'
Driver info: org.openqa.selenium.firefox.FirefoxDriver
Capabilities {acceptInsecureCerts: true, browserName: firefox, browserVersion: 56.0.2, javascriptEnabled: true, moz:accessibilityChecks: false, moz:headless: false, moz:processID: 42368, moz:profile: C:\Users\UMAJIT\AppData\Loc..., pageLoadStrategy: normal, platform: XP, platformName: XP, platformVersion: 10.0, rotatable: false, specificationLevel: 0, timeouts: {implicit: 0, pageLoad: 300000, script: 30000}}
Session ID: eb41b820-5dbb-4676-8b0f-79dfc699a307
*** Element info: {Using=id, value=not-yet}
	at sun.reflect.NativeConstructorAccessorImpl.newInstance0(Native Method)
	at sun.reflect.NativeConstructorAccessorImpl.newInstance(Unknown Source)
	at sun.reflect.DelegatingConstructorAccessorImpl.newInstance(Unknown Source)
	at java.lang.reflect.Constructor.newInstance(Unknown Source)
	at org.openqa.selenium.remote.http.W3CHttpResponseCodec.createException(W3CHttpResponseCodec.java:187)
	at org.openqa.selenium.remote.http.W3CHttpResponseCodec.decode(W3CHttpResponseCodec.java:122)
	at org.openqa.selenium.remote.http.W3CHttpResponseCodec.decode(W3CHttpResponseCodec.java:49)
	at org.openqa.selenium.remote.HttpCommandExecutor.execute(HttpCommandExecutor.java:158)
	at org.openqa.selenium.remote.service.DriverCommandExecutor.execute(DriverCommandExecutor.java:83)
	at org.openqa.selenium.remote.RemoteWebDriver.execute(RemoteWebDriver.java:552)
	at org.openqa.selenium.remote.RemoteWebDriver.findElement(RemoteWebDriver.java:323)
	at org.openqa.selenium.remote.RemoteWebDriver.findElementById(RemoteWebDriver.java:372)
	at org.openqa.selenium.By$ById.findElement(By.java:188)
	at org.openqa.selenium.remote.RemoteWebDriver.findElement(RemoteWebDriver.java:315)
	at org.openqa.selenium.support.pagefactory.DefaultElementLocator.findElement(DefaultElementLocator.java:69)
	at org.openqa.selenium.support.pagefactory.internal.LocatingElementHandler.invoke(LocatingElementHandler.java:38)
	at com.sun.proxy.$Proxy17.click(Unknown Source)
	at pageObjects.TrackerPage.selectUnversialCreditsNotyetAppliedRadioBtn(TrackerPage.java:155)
	at stepDefinitions.the_person_select_option_on_paid_universal_credit_page_and_click_next(stepDefinitions.java:81)
	at ?.The person select option "NOT_YET" on paid-universal-credit page and click next(file:///C:/Users/UMAJIT/Desktop/Testing/Final/NHSBSA_Project/src/test/Features/NHSCostsTracker.feature:11)
&amp#27;[0m
  &amp#27;[36mAnd &amp#27;[0m&amp#27;[36mThe person select &amp#27;[0m&amp#27;[36m&amp#27;[1m"YES,NO,NO,YES,NO,NO"&amp#27;[0m&amp#27;[36m on benefits page and click next&amp#27;[0m                        &amp#27;[90m# stepDefinitions.selectBenefits(java.lang.String)&amp#27;[0m
  &amp#27;[36mAnd &amp#27;[0m&amp#27;[36mThe person select option &amp#27;[0m&amp#27;[36m&amp#27;[1m""&amp#27;[0m&amp#27;[36m on tax-credit-type page and click next&amp#27;[0m                             &amp#27;[90m# stepDefinitions.selectTaxCreditType(java.lang.String)&amp#27;[0m
  &amp#27;[36mAnd &amp#27;[0m&amp#27;[36mThe person select option &amp#27;[0m&amp#27;[36m&amp#27;[1m""&amp#27;[0m&amp#27;[36m on tax-credit-income page and click next&amp#27;[0m                           &amp#27;[90m# stepDefinitions.the_person_select_option_on_tax_credit_income_page_and_click_next(java.lang.String)&amp#27;[0m
  &amp#27;[36mAnd &amp#27;[0m&amp#27;[36mThe person select option &amp#27;[0m&amp#27;[36m&amp#27;[1m"INCOME ESA"&amp#27;[0m&amp#27;[36m on employment-support-allowance-type page and click next&amp#27;[0m &amp#27;[90m# stepDefinitions.the_person_select_option_on_employment_support_allowance_type_page_and_click_next(java.lang.String)&amp#27;[0m
  &amp#27;[36mAnd &amp#27;[0m&amp#27;[36mThe person select option &amp#27;[0m&amp#27;[36m&amp#27;[1m""&amp#27;[0m&amp#27;[36m on jobseekers-allowance-type page and click next&amp#27;[0m                   &amp#27;[90m# stepDefinitions.the_person_select_option_on_jobseekers_allowance_type_page_and_click_next(java.lang.String)&amp#27;[0m
  &amp#27;[36mAnd &amp#27;[0m&amp#27;[36mThe person select option &amp#27;[0m&amp#27;[36m&amp#27;[1m""&amp#27;[0m&amp#27;[36m on universal-credit-claim page and click next&amp#27;[0m                      &amp#27;[90m# stepDefinitions.the_person_select_option_on_universal_credit_claim_page_and_click_next(java.lang.String)&amp#27;[0m
  &amp#27;[36mAnd &amp#27;[0m&amp#27;[36mThe person select option &amp#27;[0m&amp#27;[36m&amp#27;[1m""&amp#27;[0m&amp#27;[36m on universal-credit-take-home-pay page and click next&amp#27;[0m              &amp#27;[90m# stepDefinitions.the_person_select_option_on_universal_credit_take_home_pay_page_and_click_next(java.lang.String)&amp#27;[0m
  &amp#27;[36mAnd &amp#27;[0m&amp#27;[36mThe person select option &amp#27;[0m&amp#27;[36m&amp#27;[1m"YES"&amp#27;[0m&amp#27;[36m on pregnant-or-given-birth page and click next&amp#27;[0m                  &amp#27;[90m# stepDefinitions.the_person_select_option_on_pregnant_or_given_birth_page_and_click_next(java.lang.String)&amp#27;[0m
  &amp#27;[36mAnd &amp#27;[0m&amp#27;[36mThe person select option &amp#27;[0m&amp#27;[36m&amp#27;[1m"YES"&amp#27;[0m&amp#27;[36m on war-pensioner page and click next&amp#27;[0m                            &amp#27;[90m# stepDefinitions.the_person_select_option_on_war_pensioner_page_and_click_next(java.lang.String)&amp#27;[0m
  &amp#27;[36mAnd &amp#27;[0m&amp#27;[36mThe person select option &amp#27;[0m&amp#27;[36m&amp#27;[1m"YES"&amp#27;[0m&amp#27;[36m on diabetes page and click next&amp#27;[0m                                 &amp#27;[90m# stepDefinitions.the_person_select_option_on_diabetes_page_and_click_next(java.lang.String)&amp#27;[0m
  &amp#27;[36mAnd &amp#27;[0m&amp#27;[36mThe person select option &amp#27;[0m&amp#27;[36m&amp#27;[1m"NO"&amp#27;[0m&amp#27;[36m on glaucoma page and click next&amp#27;[0m                                  &amp#27;[90m# stepDefinitions.the_person_select_option_on_glaucoma_page_and_click_next(java.lang.String)&amp#27;[0m
  &amp#27;[36mAnd &amp#27;[0m&amp#27;[36mThe person select option &amp#27;[0m&amp#27;[36m&amp#27;[1m"YES"&amp#27;[0m&amp#27;[36m on care-home page and click next&amp#27;[0m                                &amp#27;[90m# stepDefinitions.the_person_select_option_on_care_home_page_and_click_next(java.lang.String)&amp#27;[0m
  &amp#27;[36mAnd &amp#27;[0m&amp#27;[36mThe person select option &amp#27;[0m&amp#27;[36m&amp#27;[1m"YES"&amp#27;[0m&amp#27;[36m on local-council-assessed and click next&amp#27;[0m                        &amp#27;[90m# stepDefinitions.the_person_select_option_on_local_council_assessed_and_click_next(java.lang.String)&amp#27;[0m
  &amp#27;[36mAnd &amp#27;[0m&amp#27;[36mThe person select option &amp#27;[0m&amp#27;[36m&amp#27;[1m""&amp#27;[0m&amp#27;[36m on savings page and click next&amp#27;[0m                                     &amp#27;[90m# stepDefinitions.the_person_select_option_on_savings_page_and_click_next(java.lang.String)&amp#27;[0m
  &amp#27;[36mThen &amp#27;[0m&amp#27;[36mThe person get help with NHS costs&amp#27;[0m                                                            &amp#27;[90m# stepDefinitions.the_person_get_help_with_NHS_costs()&amp#27;[0m
]]></system-out>
    <system-err><![CDATA[Mar 28, 2021 6:25:02 PM io.cucumber.core.options.CucumberPropertiesParser parse
WARNING: Passing commandline options via the property `cucumber.options` has been deprecatedin favour of explicitly using property names.
Please use these instead: [cucumber.ansi-colors.disabled, cucumber.execution.dry-run, cucumber.execution.limit, cucumber.execution.order, cucumber.execution.strict, cucumber.execution.wip, cucumber.features, cucumber.filter.name, cucumber.filter.tags, cucumber.glue, cucumber.object-factory, cucumber.plugin, cucumber.snippet-type]
Mar 28, 2021 6:25:02 PM io.cucumber.junit.Cucumber <init>
WARNING: By default Cucumber is running in --non-strict mode.
This default will change to --strict and --non-strict will be removed.
You can use --strict or @CucumberOptions(strict = true) to suppress this warning
SLF4J: Failed to load class "org.slf4j.impl.StaticLoggerBinder".
SLF4J: Defaulting to no-operation (NOP) logger implementation
SLF4J: See http://www.slf4j.org/codes.html#StaticLoggerBinder for further details.
1616952305285	geckodriver	INFO	geckodriver 0.20.0
1616952305302	geckodriver	INFO	Listening on 127.0.0.1:2295
1616952306506	mozrunner::runner	INFO	Running command: "C:\\Program Files\\Mozilla Firefox\\firefox.exe" "-marionette" "-profile" "C:\\Users\\UMAJIT\\AppData\\Local\\Temp\\rust_mozprofile.wtYKvm2tpQ8q"
1616952307270	addons.xpi	WARN	Error parsing extensions state: [Exception... "Component returned failure code: 0x80520012 (NS_ERROR_FILE_NOT_FOUND) [amIAddonManagerStartup.readStartupData]"  nsresult: "0x80520012 (NS_ERROR_FILE_NOT_FOUND)"  location: "JS frame :: resource://gre/modules/addons/XPIProvider.jsm :: loadExtensionState :: line 1554"  data: no] Stack trace: loadExtensionState()@resource://gre/modules/addons/XPIProvider.jsm:1554 < getInstallState()@resource://gre/modules/addons/XPIProvider.jsm:1589 < checkForChanges()@resource://gre/modules/addons/XPIProvider.jsm:3109 < startup()@resource://gre/modules/addons/XPIProvider.jsm:2188 < callProvider()@resource://gre/modules/AddonManager.jsm:269 < _startProvider()@resource://gre/modules/AddonManager.jsm:739 < startup()@resource://gre/modules/AddonManager.jsm:906 < startup()@resource://gre/modules/AddonManager.jsm:3090 < observe()@jar:file:///C:/Program%20Files/Mozilla%20Firefox/omni.ja!/components/addonManager.js:65
Unable to read VR Path Registry from C:\Users\UMAJIT\AppData\Local\openvr\openvrpaths.vrpath
1616952308551	Marionette	INFO	Enabled via --marionette
Unable to read VR Path Registry from C:\Users\UMAJIT\AppData\Local\openvr\openvrpaths.vrpath
Unable to read VR Path Registry from C:\Users\UMAJIT\AppData\Local\openvr\openvrpaths.vrpath
Unable to read VR Path Registry from C:\Users\UMAJIT\AppData\Local\openvr\openvrpaths.vrpath
[Parent 42368] WARNING: pipe error: 109: file z:/build/build/src/ipc/chromium/src/chrome/common/ipc_channel_win.cc, line 346
Unable to read VR Path Registry from C:\Users\UMAJIT\AppData\Local\openvr\openvrpaths.vrpath
1616952313883	Marionette	INFO	Listening on port 56458
1616952314798	Marionette	WARN	TLS certificate errors will be ignored for this session
1616952314867	Marionette	DEBUG	Register listener.js for window 4294967297
Mar 28, 2021 6:25:14 PM org.openqa.selenium.remote.ProtocolHandshake createSession
INFO: Detected dialect: W3C
1616952315061	Marionette	DEBUG	Received DOM event "beforeunload" for "about:blank"
1616952315526	Marionette	DEBUG	Received DOM event "pagehide" for "about:blank"
1616952315527	Marionette	DEBUG	Received DOM event "unload" for "about:blank"
1616952317493	Marionette	DEBUG	Received DOM event "DOMContentLoaded" for "https://services.nhsbsa.nhs.uk/check-for-help-paying-nhs-costs/start"
1616952317748	Marionette	DEBUG	Received DOM event "pageshow" for "https://services.nhsbsa.nhs.uk/check-for-help-paying-nhs-costs/start"
1616952318791	Marionette	DEBUG	Canceled page load listener because no navigation has been detected
1616952319963	Marionette	DEBUG	Received DOM event "beforeunload" for "https://services.nhsbsa.nhs.uk/check-for-help-paying-nhs-costs/start"
1616952320400	Marionette	DEBUG	Received DOM event "pagehide" for "https://services.nhsbsa.nhs.uk/check-for-help-paying-nhs-costs/start"
1616952320401	Marionette	DEBUG	Received DOM event "unload" for "https://services.nhsbsa.nhs.uk/check-for-help-paying-nhs-costs/start"
1616952320911	Marionette	DEBUG	Received DOM event "DOMContentLoaded" for "https://services.nhsbsa.nhs.uk/check-for-help-paying-nhs-costs/where-you-live"
1616952320924	Marionette	DEBUG	Received DOM event "pageshow" for "https://services.nhsbsa.nhs.uk/check-for-help-paying-nhs-costs/where-you-live"
1616952321165	Marionette	DEBUG	Received DOM event "beforeunload" for "https://services.nhsbsa.nhs.uk/check-for-help-paying-nhs-costs/where-you-live"
1616952321242	Marionette	DEBUG	Received DOM event "pagehide" for "https://services.nhsbsa.nhs.uk/check-for-help-paying-nhs-costs/where-you-live"
1616952321243	Marionette	DEBUG	Received DOM event "unload" for "https://services.nhsbsa.nhs.uk/check-for-help-paying-nhs-costs/where-you-live"
1616952321656	Marionette	DEBUG	Received DOM event "DOMContentLoaded" for "https://services.nhsbsa.nhs.uk/check-for-help-paying-nhs-costs/date-of-birth"
1616952321681	Marionette	DEBUG	Received DOM event "pageshow" for "https://services.nhsbsa.nhs.uk/check-for-help-paying-nhs-costs/date-of-birth"
1616952322002	Marionette	DEBUG	Received DOM event "beforeunload" for "https://services.nhsbsa.nhs.uk/check-for-help-paying-nhs-costs/date-of-birth"
1616952322095	Marionette	DEBUG	Received DOM event "pagehide" for "https://services.nhsbsa.nhs.uk/check-for-help-paying-nhs-costs/date-of-birth"
1616952322096	Marionette	DEBUG	Received DOM event "unload" for "https://services.nhsbsa.nhs.uk/check-for-help-paying-nhs-costs/date-of-birth"
1616952322587	Marionette	DEBUG	Received DOM event "DOMContentLoaded" for "https://services.nhsbsa.nhs.uk/check-for-help-paying-nhs-costs/partner"
1616952322603	Marionette	DEBUG	Received DOM event "pageshow" for "https://services.nhsbsa.nhs.uk/check-for-help-paying-nhs-costs/partner"
1616952325838	Marionette	DEBUG	Received DOM event "beforeunload" for "https://services.nhsbsa.nhs.uk/check-for-help-paying-nhs-costs/partner"
1616952325964	Marionette	DEBUG	Received DOM event "pagehide" for "https://services.nhsbsa.nhs.uk/check-for-help-paying-nhs-costs/partner"
1616952325965	Marionette	DEBUG	Received DOM event "unload" for "https://services.nhsbsa.nhs.uk/check-for-help-paying-nhs-costs/partner"
1616952326442	Marionette	DEBUG	Received DOM event "DOMContentLoaded" for "https://services.nhsbsa.nhs.uk/check-for-help-paying-nhs-costs/claim-benefits-tax-credits"
1616952326477	Marionette	DEBUG	Received DOM event "pageshow" for "https://services.nhsbsa.nhs.uk/check-for-help-paying-nhs-costs/claim-benefits-tax-credits"
1616952329683	Marionette	DEBUG	Received DOM event "beforeunload" for "https://services.nhsbsa.nhs.uk/check-for-help-paying-nhs-costs/claim-benefits-tax-credits"
1616952329770	Marionette	DEBUG	Received DOM event "pagehide" for "https://services.nhsbsa.nhs.uk/check-for-help-paying-nhs-costs/claim-benefits-tax-credits"
1616952329770	Marionette	DEBUG	Received DOM event "unload" for "https://services.nhsbsa.nhs.uk/check-for-help-paying-nhs-costs/claim-benefits-tax-credits"
1616952330312	Marionette	DEBUG	Received DOM event "DOMContentLoaded" for "https://services.nhsbsa.nhs.uk/check-for-help-paying-nhs-costs/pregnant-or-given-birth"
1616952330358	Marionette	DEBUG	Received DOM event "pageshow" for "https://services.nhsbsa.nhs.uk/check-for-help-paying-nhs-costs/pregnant-or-given-birth"
1616952335543	Marionette	INFO	New connections will no longer be accepted
[Parent 42368] WARNING: pipe error: 109: file z:/build/build/src/ipc/chromium/src/chrome/common/ipc_channel_win.cc, line 346
[Child 28452] WARNING: pipe error: 109: file z:/build/build/src/ipc/chromium/src/chrome/common/ipc_channel_win.cc, line 346
[Child 28452] WARNING: p[Parent 42368] WARNING: pipe error: 109: file z:/build/build/src/ipc/chromium/src/chrome/common/ipc_channel_win.cc, line 346
*** UTM:SVC TimerManager:registerTimer called after profile-before-change notification. Ignoring timer registration for id: telemetry_modules_ping

###!!! [Child][MessageChannel::SendAndWait] Error: Channel error: cannot send/recv

1616952336839	geckodriver::marionette	ERROR	Failed to stop browser process
]]></system-err>
  </testcase>
</testsuite>